#
# A fatal error has been detected by the Java Runtime Environment:
#
#  EXCEPTION_ACCESS_VIOLATION (0xc0000005) at pc=0x0000000061b3a1cf, pid=3460, tid=0x0000000000001870
#
# JRE version: OpenJDK Runtime Environment (8.0_312-b07) (build 1.8.0_312-b07)
# Java VM: OpenJDK 64-Bit Server VM (25.312-b07 mixed mode windows-amd64 compressed oops)
# Problematic frame:
# V  [jvm.dll+0x49a1cf]
#
# Failed to write core dump. Minidumps are not enabled by default on client versions of Windows
#
# If you would like to submit a bug report, please visit:
#   https://github.com/adoptium/adoptium-support/issues
#

---------------  T H R E A D  ---------------

Current thread (0x0000021e162fd800):  JavaThread "C2 CompilerThread0" daemon [_thread_in_native, id=6256, stack(0x000000b11f500000,0x000000b11f600000)]

siginfo: ExceptionCode=0xc0000005, reading address 0x0000000000000008

Registers:
RAX=0x0000021e16329210, RBX=0x0000000000000000, RCX=0x0000021e16329210, RDX=0x0000021e16329211
RSP=0x000000b11f5fb410, RBP=0x000000b11f5fb5c0, RSI=0x0000021e16329210, RDI=0x000000b11f5fb930
R8 =0x0000000000000000, R9 =0x0000021e1d5a1020, R10=0x0000021e1741fbc8, R11=0x0000021e1c50ad70
R12=0x000000b11f5fb508, R13=0x000000b11f5fb4e0, R14=0x0000021e1b8a4770, R15=0x0000021e1d94b178
RIP=0x0000000061b3a1cf, EFLAGS=0x0000000000010202

Top of Stack: (sp=0x000000b11f5fb410)
0x000000b11f5fb410:   0000021e16329280 0000021e1b8a4770
0x000000b11f5fb420:   0000021e1d94b178 000000b11f5fb5c0
0x000000b11f5fb430:   0000021e1b8a4770 0000000000000002
0x000000b11f5fb440:   000000b11f5fb570 0000000061b39fa8
0x000000b11f5fb450:   0000021e16329280 000000b11f5fb5c0
0x000000b11f5fb460:   0000000000000133 0000000000000160
0x000000b11f5fb470:   000000b11f5fc308 0000000061b8b7e0
0x000000b11f5fb480:   0000021e162cce10 000000000000000c
0x000000b11f5fb490:   0000021e16329280 000000b11f5fb5c0
0x000000b11f5fb4a0:   0000000000000000 0000000000000002
0x000000b11f5fb4b0:   000000b11f5fb930 0000000061b39597
0x000000b11f5fb4c0:   000000b11f5fb930 0000000000000001
0x000000b11f5fb4d0:   0000000000000002 000000b11f5fb570
0x000000b11f5fb4e0:   0000021e162cce10 0000000000000200
0x000000b11f5fb4f0:   0000021e1c5092f0 0000021e00000134
0x000000b11f5fb500:   000000000000000c 0000000061cec4e0 

Instructions: (pc=0x0000000061b3a1cf)
0x0000000061b3a1af:   01 00 00 0f 1f 40 00 66 66 0f 1f 84 00 00 00 00
0x0000000061b3a1bf:   00 44 8b 43 28 4c 8b 8f f8 09 00 00 4b 8b 1c c1
0x0000000061b3a1cf:   48 8b 43 08 48 83 38 00 75 2a 8b 57 28 0f 1f 40
0x0000000061b3a1df:   00 8b 43 28 3b c2 73 0c 8b c8 48 8b 47 30 48 8b 


Register to memory mapping:

RAX=0x0000021e16329210 is an unknown value
RBX=0x0000000000000000 is an unknown value
RCX=0x0000021e16329210 is an unknown value
RDX=0x0000021e16329211 is an unknown value
RSP=0x000000b11f5fb410 is pointing into the stack for thread: 0x0000021e162fd800
RBP=0x000000b11f5fb5c0 is pointing into the stack for thread: 0x0000021e162fd800
RSI=0x0000021e16329210 is an unknown value
RDI=0x000000b11f5fb930 is pointing into the stack for thread: 0x0000021e162fd800
R8 =0x0000000000000000 is an unknown value
R9 =0x0000021e1d5a1020 is an unknown value
R10=0x0000021e1741fbc8 is an unknown value
R11=0x0000021e1c50ad70 is an unknown value
R12=0x000000b11f5fb508 is pointing into the stack for thread: 0x0000021e162fd800
R13=0x000000b11f5fb4e0 is pointing into the stack for thread: 0x0000021e162fd800
R14=0x0000021e1b8a4770 is an unknown value
R15=0x0000021e1d94b178 is an unknown value


Stack: [0x000000b11f500000,0x000000b11f600000],  sp=0x000000b11f5fb410,  free space=1005k
Native frames: (J=compiled Java code, j=interpreted, Vv=VM code, C=native code)
V  [jvm.dll+0x49a1cf]
V  [jvm.dll+0x499fa8]
V  [jvm.dll+0x499597]
V  [jvm.dll+0x44a0f5]
V  [jvm.dll+0x447e8f]
V  [jvm.dll+0x433f87]
V  [jvm.dll+0x84281]
V  [jvm.dll+0x82d2f]
V  [jvm.dll+0x215fbf]
V  [jvm.dll+0x26751a]
C  [msvcr120.dll+0x24f7f]
C  [msvcr120.dll+0x25126]
C  [KERNEL32.DLL+0x17034]
C  [ntdll.dll+0x52651]


Current CompileTask:
C2:  25036 13471       4       org.jetbrains.kotlin.resolve.lazy.descriptors.LazyClassMemberScope::definitelyDoesNotContainName (56 bytes)


---------------  P R O C E S S  ---------------

Java Threads: ( => current thread )
  0x0000021e16345800 JavaThread "Service Thread" daemon [_thread_blocked, id=12740, stack(0x000000b11f800000,0x000000b11f900000)]
  0x0000021e162fb000 JavaThread "C1 CompilerThread2" daemon [_thread_blocked, id=17124, stack(0x000000b11f700000,0x000000b11f800000)]
  0x0000021e162f9800 JavaThread "C2 CompilerThread1" daemon [_thread_in_native, id=12744, stack(0x000000b11f600000,0x000000b11f700000)]
=>0x0000021e162fd800 JavaThread "C2 CompilerThread0" daemon [_thread_in_native, id=6256, stack(0x000000b11f500000,0x000000b11f600000)]
  0x0000021e162f1800 JavaThread "Attach Listener" daemon [_thread_blocked, id=5616, stack(0x000000b11f400000,0x000000b11f500000)]
  0x0000021e162f0000 JavaThread "Signal Dispatcher" daemon [_thread_blocked, id=1620, stack(0x000000b11f300000,0x000000b11f400000)]
  0x0000021e7fecd800 JavaThread "Finalizer" daemon [_thread_blocked, id=11400, stack(0x000000b11f200000,0x000000b11f300000)]
  0x0000021e162c6000 JavaThread "Reference Handler" daemon [_thread_blocked, id=13580, stack(0x000000b11f100000,0x000000b11f200000)]
  0x0000021e7e748000 JavaThread "main" [_thread_in_Java, id=9304, stack(0x000000b11eb00000,0x000000b11ec00000)]

Other Threads:
  0x0000021e162a2000 VMThread [stack: 0x000000b11f000000,0x000000b11f100000] [id=15668]
  0x0000021e1634a000 WatcherThread [stack: 0x000000b11f900000,0x000000b11fa00000] [id=3028]

VM state:not at safepoint (normal execution)

VM Mutex/Monitor currently owned by a thread: None

heap address: 0x0000000721000000, size: 2544 MB, Compressed Oops mode: Zero based, Oop shift amount: 3
Narrow klass base: 0x0000000000000000, Narrow klass shift: 3
Compressed class space size: 1073741824 Address: 0x00000007c0000000

Heap:
 PSYoungGen      total 239616K, used 37600K [0x000000078b000000, 0x000000079d880000, 0x00000007c0000000)
  eden space 199168K, 14% used [0x000000078b000000,0x000000078cb72408,0x0000000797280000)
  from space 40448K, 23% used [0x000000079b100000,0x000000079ba45d50,0x000000079d880000)
  to   space 52224K, 0% used [0x0000000797280000,0x0000000797280000,0x000000079a580000)
 ParOldGen       total 286208K, used 130803K [0x0000000721000000, 0x0000000732780000, 0x000000078b000000)
  object space 286208K, 45% used [0x0000000721000000,0x0000000728fbce80,0x0000000732780000)
 Metaspace       used 59082K, capacity 60272K, committed 60288K, reserved 1101824K
  class space    used 6711K, capacity 7026K, committed 7040K, reserved 1048576K

Card table byte_map: [0x0000021e7f040000,0x0000021e7f540000] byte_map_base: 0x0000021e7b738000

Marking Bits: (ParMarkBitMap*) 0x0000000061e8c860
 Begin Bits: [0x0000021e10410000, 0x0000021e12bd0000)
 End Bits:   [0x0000021e12bd0000, 0x0000021e15390000)

Polling page: 0x0000021e7e8a0000

CodeCache: size=245760Kb used=51895Kb max_used=52584Kb free=193864Kb
 bounds [0x0000021e01410000, 0x0000021e047b0000, 0x0000021e10410000]
 total_blobs=11412 nmethods=10881 adapters=442
 compilation: enabled

Compilation events (10 events):
Event: 24.985 Thread 0x0000021e162fd800 13468       4       org.jetbrains.kotlin.resolve.calls.context.BasicCallResolutionContext::create (28 bytes)
Event: 24.987 Thread 0x0000021e162f9800 13469       4       org.jetbrains.kotlin.resolve.lazy.LazyImportScope::definitelyDoesNotContainName (52 bytes)
Event: 24.988 Thread 0x0000021e162fd800 nmethod 13468 0x0000021e03a8df50 code [0x0000021e03a8e0c0, 0x0000021e03a8e4c8]
Event: 24.992 Thread 0x0000021e162fb000 13470       3       org.jetbrains.kotlin.resolve.lazy.descriptors.LazyClassMemberScope::getFunctionNames (5 bytes)
Event: 24.993 Thread 0x0000021e162fb000 nmethod 13470 0x0000021e024f5c10 code [0x0000021e024f5e80, 0x0000021e024f6af0]
Event: 25.001 Thread 0x0000021e162fd800 13471       4       org.jetbrains.kotlin.resolve.lazy.descriptors.LazyClassMemberScope::definitelyDoesNotContainName (56 bytes)
Event: 25.003 Thread 0x0000021e162f9800 nmethod 13469 0x0000021e02bd0510 code [0x0000021e02bd0720, 0x0000021e02bd1578]
Event: 25.011 Thread 0x0000021e162fb000 13472       3       org.jetbrains.kotlin.resolve.calls.tower.QualifierScopeTowerProcessor::simpleProcess (60 bytes)
Event: 25.012 Thread 0x0000021e162fb000 nmethod 13472 0x0000021e02687e50 code [0x0000021e02688200, 0x0000021e02689e40]
Event: 25.012 Thread 0x0000021e162fb000 13474       3       org.jetbrains.kotlin.resolve.calls.tower.QualifierScopeTowerProcessor::recordLookups (13 bytes)

GC Heap History (10 events):
Event: 11.821 GC heap before
{Heap before GC invocations=11 (full 2):
 PSYoungGen      total 161280K, used 161257K [0x000000078b000000, 0x0000000796e80000, 0x00000007c0000000)
  eden space 137728K, 100% used [0x000000078b000000,0x0000000793680000,0x0000000793680000)
  from space 23552K, 99% used [0x0000000795500000,0x0000000796bfa5b8,0x0000000796c00000)
  to   space 28672K, 0% used [0x0000000793680000,0x0000000793680000,0x0000000795280000)
 ParOldGen       total 142848K, used 43441K [0x0000000721000000, 0x0000000729b80000, 0x000000078b000000)
  object space 142848K, 30% used [0x0000000721000000,0x0000000723a6c4c8,0x0000000729b80000)
 Metaspace       used 51396K, capacity 52376K, committed 52608K, reserved 1095680K
  class space    used 6169K, capacity 6438K, committed 6528K, reserved 1048576K
Event: 11.857 GC heap after
Heap after GC invocations=11 (full 2):
 PSYoungGen      total 166400K, used 28640K [0x000000078b000000, 0x000000079ab00000, 0x00000007c0000000)
  eden space 137728K, 0% used [0x000000078b000000,0x000000078b000000,0x0000000793680000)
  from space 28672K, 99% used [0x0000000793680000,0x0000000795278320,0x0000000795280000)
  to   space 40960K, 0% used [0x0000000798300000,0x0000000798300000,0x000000079ab00000)
 ParOldGen       total 142848K, used 64808K [0x0000000721000000, 0x0000000729b80000, 0x000000078b000000)
  object space 142848K, 45% used [0x0000000721000000,0x0000000724f4a158,0x0000000729b80000)
 Metaspace       used 51396K, capacity 52376K, committed 52608K, reserved 1095680K
  class space    used 6169K, capacity 6438K, committed 6528K, reserved 1048576K
}
Event: 16.535 GC heap before
{Heap before GC invocations=12 (full 2):
 PSYoungGen      total 166400K, used 166368K [0x000000078b000000, 0x000000079ab00000, 0x00000007c0000000)
  eden space 137728K, 100% used [0x000000078b000000,0x0000000793680000,0x0000000793680000)
  from space 28672K, 99% used [0x0000000793680000,0x0000000795278320,0x0000000795280000)
  to   space 40960K, 0% used [0x0000000798300000,0x0000000798300000,0x000000079ab00000)
 ParOldGen       total 142848K, used 64808K [0x0000000721000000, 0x0000000729b80000, 0x000000078b000000)
  object space 142848K, 45% used [0x0000000721000000,0x0000000724f4a158,0x0000000729b80000)
 Metaspace       used 54379K, capacity 55432K, committed 55680K, reserved 1097728K
  class space    used 6407K, capacity 6686K, committed 6784K, reserved 1048576K
Event: 16.587 GC heap after
Heap after GC invocations=12 (full 2):
 PSYoungGen      total 203264K, used 40951K [0x000000078b000000, 0x000000079c280000, 0x00000007c0000000)
  eden space 162304K, 0% used [0x000000078b000000,0x000000078b000000,0x0000000794e80000)
  from space 40960K, 99% used [0x0000000798300000,0x000000079aafdfc8,0x000000079ab00000)
  to   space 53760K, 0% used [0x0000000794e80000,0x0000000794e80000,0x0000000798300000)
 ParOldGen       total 142848K, used 83106K [0x0000000721000000, 0x0000000729b80000, 0x000000078b000000)
  object space 142848K, 58% used [0x0000000721000000,0x00000007261289a8,0x0000000729b80000)
 Metaspace       used 54379K, capacity 55432K, committed 55680K, reserved 1097728K
  class space    used 6407K, capacity 6686K, committed 6784K, reserved 1048576K
}
Event: 19.664 GC heap before
{Heap before GC invocations=13 (full 2):
 PSYoungGen      total 203264K, used 203255K [0x000000078b000000, 0x000000079c280000, 0x00000007c0000000)
  eden space 162304K, 100% used [0x000000078b000000,0x0000000794e80000,0x0000000794e80000)
  from space 40960K, 99% used [0x0000000798300000,0x000000079aafdfc8,0x000000079ab00000)
  to   space 53760K, 0% used [0x0000000794e80000,0x0000000794e80000,0x0000000798300000)
 ParOldGen       total 142848K, used 83106K [0x0000000721000000, 0x0000000729b80000, 0x000000078b000000)
  object space 142848K, 58% used [0x0000000721000000,0x00000007261289a8,0x0000000729b80000)
 Metaspace       used 56696K, capacity 57812K, committed 58112K, reserved 1099776K
  class space    used 6491K, capacity 6798K, committed 6912K, reserved 1048576K
Event: 19.762 GC heap after
Heap after GC invocations=13 (full 2):
 PSYoungGen      total 216064K, used 29471K [0x000000078b000000, 0x000000079e480000, 0x00000007c0000000)
  eden space 162304K, 0% used [0x000000078b000000,0x000000078b000000,0x0000000794e80000)
  from space 53760K, 54% used [0x0000000794e80000,0x0000000796b47f48,0x0000000798300000)
  to   space 52736K, 0% used [0x000000079b100000,0x000000079b100000,0x000000079e480000)
 ParOldGen       total 142848K, used 122372K [0x0000000721000000, 0x0000000729b80000, 0x000000078b000000)
  object space 142848K, 85% used [0x0000000721000000,0x00000007287810e0,0x0000000729b80000)
 Metaspace       used 56696K, capacity 57812K, committed 58112K, reserved 1099776K
  class space    used 6491K, capacity 6798K, committed 6912K, reserved 1048576K
}
Event: 19.762 GC heap before
{Heap before GC invocations=14 (full 3):
 PSYoungGen      total 216064K, used 29471K [0x000000078b000000, 0x000000079e480000, 0x00000007c0000000)
  eden space 162304K, 0% used [0x000000078b000000,0x000000078b000000,0x0000000794e80000)
  from space 53760K, 54% used [0x0000000794e80000,0x0000000796b47f48,0x0000000798300000)
  to   space 52736K, 0% used [0x000000079b100000,0x000000079b100000,0x000000079e480000)
 ParOldGen       total 142848K, used 122372K [0x0000000721000000, 0x0000000729b80000, 0x000000078b000000)
  object space 142848K, 85% used [0x0000000721000000,0x00000007287810e0,0x0000000729b80000)
 Metaspace       used 56696K, capacity 57812K, committed 58112K, reserved 1099776K
  class space    used 6491K, capacity 6798K, committed 6912K, reserved 1048576K
Event: 20.336 GC heap after
Heap after GC invocations=14 (full 3):
 PSYoungGen      total 216064K, used 0K [0x000000078b000000, 0x000000079e480000, 0x00000007c0000000)
  eden space 162304K, 0% used [0x000000078b000000,0x000000078b000000,0x0000000794e80000)
  from space 53760K, 0% used [0x0000000794e80000,0x0000000794e80000,0x0000000798300000)
  to   space 52736K, 0% used [0x000000079b100000,0x000000079b100000,0x000000079e480000)
 ParOldGen       total 286208K, used 130795K [0x0000000721000000, 0x0000000732780000, 0x000000078b000000)
  object space 286208K, 45% used [0x0000000721000000,0x0000000728fbae80,0x0000000732780000)
 Metaspace       used 56696K, capacity 57812K, committed 58112K, reserved 1099776K
  class space    used 6491K, capacity 6798K, committed 6912K, reserved 1048576K
}
Event: 23.324 GC heap before
{Heap before GC invocations=15 (full 3):
 PSYoungGen      total 216064K, used 162304K [0x000000078b000000, 0x000000079e480000, 0x00000007c0000000)
  eden space 162304K, 100% used [0x000000078b000000,0x0000000794e80000,0x0000000794e80000)
  from space 53760K, 0% used [0x0000000794e80000,0x0000000794e80000,0x0000000798300000)
  to   space 52736K, 0% used [0x000000079b100000,0x000000079b100000,0x000000079e480000)
 ParOldGen       total 286208K, used 130795K [0x0000000721000000, 0x0000000732780000, 0x000000078b000000)
  object space 286208K, 45% used [0x0000000721000000,0x0000000728fbae80,0x0000000732780000)
 Metaspace       used 58829K, capacity 60006K, committed 60032K, reserved 1101824K
  class space    used 6707K, capacity 7023K, committed 7040K, reserved 1048576K
Event: 23.346 GC heap after
Heap after GC invocations=15 (full 3):
 PSYoungGen      total 239616K, used 9495K [0x000000078b000000, 0x000000079d880000, 0x00000007c0000000)
  eden space 199168K, 0% used [0x000000078b000000,0x000000078b000000,0x0000000797280000)
  from space 40448K, 23% used [0x000000079b100000,0x000000079ba45d50,0x000000079d880000)
  to   space 52224K, 0% used [0x0000000797280000,0x0000000797280000,0x000000079a580000)
 ParOldGen       total 286208K, used 130803K [0x0000000721000000, 0x0000000732780000, 0x000000078b000000)
  object space 286208K, 45% used [0x0000000721000000,0x0000000728fbce80,0x0000000732780000)
 Metaspace       used 58829K, capacity 60006K, committed 60032K, reserved 1101824K
  class space    used 6707K, capacity 7023K, committed 7040K, reserved 1048576K
}

Deoptimization events (10 events):
Event: 23.994 Thread 0x0000021e7e748000 Uncommon trap: reason=class_check action=maybe_recompile pc=0x0000021e0356d40c method=org.jetbrains.kotlin.resolve.calls.tower.KotlinToResolvedCallTransformer.runCallCheckers(Lorg/jetbrains/kotlin/resolve/calls/model/ResolvedCall;Lorg/jetbrains/kotlin/res
Event: 23.995 Thread 0x0000021e7e748000 Uncommon trap: reason=class_check action=maybe_recompile pc=0x0000021e0356d40c method=org.jetbrains.kotlin.resolve.calls.tower.KotlinToResolvedCallTransformer.runCallCheckers(Lorg/jetbrains/kotlin/resolve/calls/model/ResolvedCall;Lorg/jetbrains/kotlin/res
Event: 24.406 Thread 0x0000021e7e748000 Uncommon trap: reason=class_check action=maybe_recompile pc=0x0000021e0474a76c method=org.jetbrains.kotlin.resolve.checkers.ExperimentalUsageChecker$Companion.loadExperimentalities(Lorg/jetbrains/kotlin/descriptors/DeclarationDescriptor;Lorg/jetbrains/kot
Event: 24.407 Thread 0x0000021e7e748000 Uncommon trap: reason=class_check action=maybe_recompile pc=0x0000021e0474a76c method=org.jetbrains.kotlin.resolve.checkers.ExperimentalUsageChecker$Companion.loadExperimentalities(Lorg/jetbrains/kotlin/descriptors/DeclarationDescriptor;Lorg/jetbrains/kot
Event: 24.418 Thread 0x0000021e7e748000 Uncommon trap: reason=class_check action=maybe_recompile pc=0x0000021e0474a76c method=org.jetbrains.kotlin.resolve.checkers.ExperimentalUsageChecker$Companion.loadExperimentalities(Lorg/jetbrains/kotlin/descriptors/DeclarationDescriptor;Lorg/jetbrains/kot
Event: 24.419 Thread 0x0000021e7e748000 Uncommon trap: reason=class_check action=maybe_recompile pc=0x0000021e0474a76c method=org.jetbrains.kotlin.resolve.checkers.ExperimentalUsageChecker$Companion.loadExperimentalities(Lorg/jetbrains/kotlin/descriptors/DeclarationDescriptor;Lorg/jetbrains/kot
Event: 24.887 Thread 0x0000021e7e748000 Uncommon trap: reason=bimorphic action=maybe_recompile pc=0x0000021e02cd94c8 method=org.jetbrains.kotlin.types.AbstractTypeChecker.checkSubtypeForSpecialCases(Lorg/jetbrains/kotlin/types/AbstractTypeCheckerContext;Lorg/jetbrains/kotlin/types/model/SimpleT
Event: 24.890 Thread 0x0000021e7e748000 Uncommon trap: reason=bimorphic action=maybe_recompile pc=0x0000021e02cd94c8 method=org.jetbrains.kotlin.types.AbstractTypeChecker.checkSubtypeForSpecialCases(Lorg/jetbrains/kotlin/types/AbstractTypeCheckerContext;Lorg/jetbrains/kotlin/types/model/SimpleT
Event: 24.890 Thread 0x0000021e7e748000 Uncommon trap: reason=bimorphic action=maybe_recompile pc=0x0000021e02cd94c8 method=org.jetbrains.kotlin.types.AbstractTypeChecker.checkSubtypeForSpecialCases(Lorg/jetbrains/kotlin/types/AbstractTypeCheckerContext;Lorg/jetbrains/kotlin/types/model/SimpleT
Event: 24.891 Thread 0x0000021e7e748000 Uncommon trap: reason=bimorphic action=maybe_recompile pc=0x0000021e02cd94c8 method=org.jetbrains.kotlin.types.AbstractTypeChecker.checkSubtypeForSpecialCases(Lorg/jetbrains/kotlin/types/AbstractTypeCheckerContext;Lorg/jetbrains/kotlin/types/model/SimpleT

Classes redefined (0 events):
No events

Internal exceptions (10 events):
Event: 16.173 Thread 0x0000021e7e748000 Implicit null exception at 0x0000021e016280d6 to 0x0000021e01628461
Event: 17.062 Thread 0x0000021e7e748000 Implicit null exception at 0x0000021e0394635f to 0x0000021e039472a9
Event: 20.498 Thread 0x0000021e7e748000 Implicit null exception at 0x0000021e032b50b0 to 0x0000021e032b514d
Event: 21.390 Thread 0x0000021e7e748000 Implicit null exception at 0x0000021e02dbdf54 to 0x0000021e02dbe549
Event: 21.504 Thread 0x0000021e7e748000 Implicit null exception at 0x0000021e03a2bde2 to 0x0000021e03a2c521
Event: 21.623 Thread 0x0000021e7e748000 Implicit null exception at 0x0000021e01646dd5 to 0x0000021e01646fc9
Event: 21.624 Thread 0x0000021e7e748000 Implicit null exception at 0x0000021e01963baf to 0x0000021e01963c19
Event: 21.988 Thread 0x0000021e7e748000 Implicit null exception at 0x0000021e03a2894c to 0x0000021e03a28a55
Event: 22.538 Thread 0x0000021e7e748000 Implicit null exception at 0x0000021e03560ba3 to 0x0000021e03560d77
Event: 23.777 Thread 0x0000021e7e748000 Implicit null exception at 0x0000021e0464d9b7 to 0x0000021e046528cd

Events (10 events):
Event: 24.890 Thread 0x0000021e7e748000 DEOPT PACKING pc=0x0000021e02cd94c8 sp=0x000000b11ebfd230
Event: 24.890 Thread 0x0000021e7e748000 DEOPT UNPACKING pc=0x0000021e01455583 sp=0x000000b11ebfd1c0 mode 2
Event: 24.890 Thread 0x0000021e7e748000 Uncommon trap: trap_request=0xffffffc6 fr.pc=0x0000021e02cd94c8
Event: 24.890 Thread 0x0000021e7e748000 DEOPT PACKING pc=0x0000021e02cd94c8 sp=0x000000b11ebfd230
Event: 24.890 Thread 0x0000021e7e748000 DEOPT UNPACKING pc=0x0000021e01455583 sp=0x000000b11ebfd1c0 mode 2
Event: 24.890 loading class org/jetbrains/kotlin/diagnostics/DiagnosticWithParameters2
Event: 24.890 loading class org/jetbrains/kotlin/diagnostics/DiagnosticWithParameters2 done
Event: 24.891 Thread 0x0000021e7e748000 Uncommon trap: trap_request=0xffffffc6 fr.pc=0x0000021e02cd94c8
Event: 24.891 Thread 0x0000021e7e748000 DEOPT PACKING pc=0x0000021e02cd94c8 sp=0x000000b11ebfd2e0
Event: 24.891 Thread 0x0000021e7e748000 DEOPT UNPACKING pc=0x0000021e01455583 sp=0x000000b11ebfd270 mode 2


Dynamic libraries:
0x00007ff74a1c0000 - 0x00007ff74a1fa000 	C:\Program Files\Eclipse Adoptium\jdk-8.0.312.7-hotspot\jre\bin\java.exe
0x00007ffca4a50000 - 0x00007ffca4c45000 	C:\Windows\SYSTEM32\ntdll.dll
0x00007ffca2ad0000 - 0x00007ffca2b8d000 	C:\Windows\System32\KERNEL32.DLL
0x00007ffca2500000 - 0x00007ffca27c8000 	C:\Windows\System32\KERNELBASE.dll
0x00007ffca2d30000 - 0x00007ffca2ddc000 	C:\Windows\System32\ADVAPI32.dll
0x00007ffca3b80000 - 0x00007ffca3c1e000 	C:\Windows\System32\msvcrt.dll
0x00007ffca2de0000 - 0x00007ffca2e7b000 	C:\Windows\System32\sechost.dll
0x00007ffca3dd0000 - 0x00007ffca3efb000 	C:\Windows\System32\RPCRT4.dll
0x00007ffca2b90000 - 0x00007ffca2d30000 	C:\Windows\System32\USER32.dll
0x00007ffca2a90000 - 0x00007ffca2ab2000 	C:\Windows\System32\win32u.dll
0x00007ffca38f0000 - 0x00007ffca391a000 	C:\Windows\System32\GDI32.dll
0x00007ffca2390000 - 0x00007ffca249b000 	C:\Windows\System32\gdi32full.dll
0x00007ffca2890000 - 0x00007ffca292d000 	C:\Windows\System32\msvcp_win.dll
0x00007ffca2190000 - 0x00007ffca2290000 	C:\Windows\System32\ucrtbase.dll
0x00007ffc94c20000 - 0x00007ffc94eba000 	C:\Windows\WinSxS\amd64_microsoft.windows.common-controls_6595b64144ccf1df_6.0.19041.844_none_ca00b6081b84eb1d\COMCTL32.dll
0x00007ffca3630000 - 0x00007ffca3660000 	C:\Windows\System32\IMM32.DLL
0x00007ffc61f00000 - 0x00007ffc61fef000 	C:\Program Files\Eclipse Adoptium\jdk-8.0.312.7-hotspot\jre\bin\msvcr120.dll
0x00007ffc84400000 - 0x00007ffc844a6000 	C:\Program Files\Eclipse Adoptium\jdk-8.0.312.7-hotspot\jre\bin\msvcp120.dll
0x00000000616a0000 - 0x0000000061f0b000 	C:\Program Files\Eclipse Adoptium\jdk-8.0.312.7-hotspot\jre\bin\server\jvm.dll
0x00007ffca3f00000 - 0x00007ffca3f08000 	C:\Windows\System32\PSAPI.DLL
0x00007ffc98ed0000 - 0x00007ffc98ef7000 	C:\Windows\SYSTEM32\WINMM.dll
0x00007ffc9b4f0000 - 0x00007ffc9b4fa000 	C:\Windows\SYSTEM32\VERSION.dll
0x00007ffc9f750000 - 0x00007ffc9f759000 	C:\Windows\SYSTEM32\WSOCK32.dll
0x00007ffca3a00000 - 0x00007ffca3a6b000 	C:\Windows\System32\WS2_32.dll
0x00007ffc9dcf0000 - 0x00007ffc9dcff000 	C:\Program Files\Eclipse Adoptium\jdk-8.0.312.7-hotspot\jre\bin\verify.dll
0x00007ffc9b5f0000 - 0x00007ffc9b619000 	C:\Program Files\Eclipse Adoptium\jdk-8.0.312.7-hotspot\jre\bin\java.dll
0x00007ffc9d100000 - 0x00007ffc9d116000 	C:\Program Files\Eclipse Adoptium\jdk-8.0.312.7-hotspot\jre\bin\zip.dll
0x00007ffca3f10000 - 0x00007ffca464f000 	C:\Windows\System32\SHELL32.dll
0x00007ffca02c0000 - 0x00007ffca0a50000 	C:\Windows\SYSTEM32\windows.storage.dll
0x00007ffca46b0000 - 0x00007ffca4a05000 	C:\Windows\System32\combase.dll
0x00007ffca1b30000 - 0x00007ffca1b5c000 	C:\Windows\SYSTEM32\Wldp.dll
0x00007ffca3770000 - 0x00007ffca381e000 	C:\Windows\System32\SHCORE.dll
0x00007ffca35d0000 - 0x00007ffca3625000 	C:\Windows\System32\shlwapi.dll
0x00007ffca20d0000 - 0x00007ffca20ef000 	C:\Windows\SYSTEM32\profapi.dll
0x00007ffc9d050000 - 0x00007ffc9d06a000 	C:\Program Files\Eclipse Adoptium\jdk-8.0.312.7-hotspot\jre\bin\net.dll
0x00007ffca1910000 - 0x00007ffca197a000 	C:\Windows\system32\mswsock.dll
0x00007ffc9b5b0000 - 0x00007ffc9b5c2000 	C:\Program Files\Eclipse Adoptium\jdk-8.0.312.7-hotspot\jre\bin\nio.dll
0x00007ffc991e0000 - 0x00007ffc993c4000 	C:\Windows\SYSTEM32\dbghelp.dll
0x00007ffca2800000 - 0x00007ffca2883000 	C:\Windows\System32\bcryptPrimitives.dll

VM Arguments:
java_command: org.jetbrains.kotlin.cli.jvm.K2JVMCompiler @C:\Users\Administrator\Desktop\lambda\build\20211119_5986038157451571756.compiler.options
java_class_path (initial): C:\Users\Administrator\.gradle\caches\modules-2\files-2.1\org.jetbrains.kotlin\kotlin-compiler-embeddable\1.5.31\cc18c29253541dc57c25c3ef514d63c7953ae1a6\kotlin-compiler-embeddable-1.5.31.jar;C:\Users\Administrator\.gradle\caches\modules-2\files-2.1\org.jetbrains.kotlin\kotlin-reflect\1.5.31\1523fcd842a47da0820cea772b19c51056fec8a9\kotlin-reflect-1.5.31.jar;C:\Users\Administrator\.gradle\caches\modules-2\files-2.1\org.jetbrains.kotlin\kotlin-stdlib\1.5.31\6628d61d0f5603568e72d2d5915d2c034b4f1c55\kotlin-stdlib-1.5.31.jar;C:\Users\Administrator\.gradle\caches\modules-2\files-2.1\org.jetbrains.kotlin\kotlin-script-runtime\1.5.31\aaea854be2cfc06373dfc11be5a6ba9ca5ca84a6\kotlin-script-runtime-1.5.31.jar;C:\Users\Administrator\.gradle\caches\modules-2\files-2.1\org.jetbrains.kotlin\kotlin-daemon-embeddable\1.5.31\d19b549661e28c62781683dc7c7e34bf416974f1\kotlin-daemon-embeddable-1.5.31.jar;C:\Users\Administrator\.gradle\caches\modules-2\files-2.1\org.jetbrains.intellij.deps\trove4j\1.0.20181211\216c2e14b070f334479d800987affe4054cd563f\trove4j-1.0.20181211.jar;C:\Users\Administrator\.gradle\caches\modules-2\files-2.1\org.jetbrains\annotations\13.0\919f0dfe192fb4e063e7dacadee7f8bb9a2672a9\annotations-13.0.jar;C:\Users\Administrator\.gradle\caches\modules-2\files-2.1\org.jetbrains.kotlin\kotlin-stdlib-common\1.5.31\43331609c7de811fed085e0dfd150874b157c32\kotlin-stdlib-common-1.5.31.jar;C:\Program Files\Eclipse Adoptium\jdk-8.0.312.7-hotspot\lib\tools.jar
Launcher Type: SUN_STANDARD

Environment Variables:
CLASSPATH=G:\gradle\lib\gradle-launcher-6.8.3.jar
PATH=C:\Program Files\Eclipse Adoptium\jdk-8.0.312.7-hotspot\bin;C:\Windows\system32;C:\Windows;C:\Windows\System32\Wbem;C:\Windows\System32\WindowsPowerShell\v1.0\;C:\Windows\System32\OpenSSH\;C:\Program Files\PuTTY\;C:\Program Files\NVIDIA Corporation\NVIDIA NvDLISR;C:\Program Files (x86)\NVIDIA Corporation\PhysX\Common;C:\Program Files\dotnet\;C:\HaxeToolkit\haxe;C:\HaxeToolkit\neko;C:\Program Files\Git\cmd;C:\Program Files\NVIDIA Corporation\Nsight Compute 2020.1.1\;C:\Program Files\RedHat\java-1.8.0-openjdk-1.8.0.302-1\bin;C:\Program Files\RedHat\java-1.8.0-openjdk-1.8.0.302-1\jre\bin;C:\Program Files\nodejs\;C:\Users\Administrator\AppData\Local\Programs\Python\Python310\Scripts\;C:\Users\Administrator\AppData\Local\Programs\Python\Python310\;C:\Users\Administrator\AppData\Local\Programs\Python\Launcher\;C:\Users\Administrator\AppData\Local\Microsoft\WindowsApps;C:\Users\Administrator\spicetify-cli;E:\cuda\bin;E:\cuda\include;E:\cuda\lib;C:\Program Files (x86)\Nmap;C:\Users\Administrator\AppData\Local\Programs\Microsoft VS Code\bin;C:\Users\Administrator\AppData\Local\GitHubDesktop\bin;C:\Users\Administrator\AppData\Roaming\npm;G:\gradle\bin;
USERNAME=Administrator
OS=Windows_NT
PROCESSOR_IDENTIFIER=AMD64 Family 23 Model 17 Stepping 0, AuthenticAMD



---------------  S Y S T E M  ---------------

OS: Windows 10.0 , 64 bit Build 19041 (10.0.19041.1021)

CPU:total 4 (initial active 4) (4 cores per cpu, 1 threads per core) family 23 model 17 stepping 0, cmov, cx8, fxsr, mmx, sse, sse2, sse3, ssse3, sse4.1, sse4.2, popcnt, avx, avx2, aes, clmul, mmxext, 3dnowpref, lzcnt, sse4a, tsc, tscinvbit, tscinv, bmi1

Memory: 4k page, physical 10415236k(3436200k free), swap 21381216k(3486340k free)

vm_info: OpenJDK 64-Bit Server VM (25.312-b07) for windows-amd64 JRE (1.8.0_312-b07), built on Oct 19 2021 15:47:56 by "jenkins" with MS VC++ 12.0 (VS2013)

time: Fri Nov 19 12:37:41 2021
timezone: Est
elapsed time: 25.040873 seconds (0d 0h 0m 25s)

