#
# A fatal error has been detected by the Java Runtime Environment:
#
#  EXCEPTION_ACCESS_VIOLATION (0xc0000005) at pc=0x0000000055c21060, pid=1648, tid=0x00000000000003f4
#
# JRE version: OpenJDK Runtime Environment (8.0_312-b07) (build 1.8.0_312-b07)
# Java VM: OpenJDK 64-Bit Server VM (25.312-b07 mixed mode windows-amd64 compressed oops)
# Problematic frame:
# V  [jvm.dll+0x1e1060]
#
# Failed to write core dump. Minidumps are not enabled by default on client versions of Windows
#
# If you would like to submit a bug report, please visit:
#   https://github.com/adoptium/adoptium-support/issues
#

---------------  T H R E A D  ---------------

Current thread (0x0000024d059ec800):  GCTaskThread [stack: 0x0000007539700000,0x0000007539800000] [id=1012]

siginfo: ExceptionCode=0xc0000005, reading address 0x0000000000004010

Registers:
RAX=0x0000000000000003, RBX=0x0000024d25778288, RCX=0x0000024d1df58340, RDX=0x00000007b534a0a8
RSP=0x00000075397ff580, RBP=0x0000000000000000, RSI=0x00000075397ffc70, RDI=0x0000024d25778270
R8 =0x0000000780000000, R9 =0x00000075397ffc88, R10=0x00000075397ff640, R11=0x00000075397ffc48
R12=0x00000075397ffc88, R13=0x0000024d059ecc80, R14=0x0000000000004000, R15=0x0000000000000000
RIP=0x0000000055c21060, EFLAGS=0x0000000000010206

Top of Stack: (sp=0x00000075397ff580)
0x00000075397ff580:   00000075397ffc70 00000075397ffc88
0x00000075397ff590:   0000000000000000 000000753b6fef30
0x00000075397ff5a0:   0000024d2346c000 0000000055c539af
0x00000075397ff5b0:   0000024d1dee56f0 0000000000000000
0x00000075397ff5c0:   0000024d059ed800 00000075397ffc70
0x00000075397ff5d0:   00000075397ff640 0000024d072a0601
0x00000075397ff5e0:   000000753b6ff3e0 0000024d072a0630
0x00000075397ff5f0:   0000024d072a04d0 0000007500000000
0x00000075397ff600:   000000753b6ff4d0 000000753b6ff3e0
0x00000075397ff610:   000000753b6ff3e0 0000024d072a0630
0x00000075397ff620:   0000024d072a04d0 0000007500000000
0x00000075397ff630:   000000753b6ff4d0 000000753b6ff3e0
0x00000075397ff640:   000000753b3fee18 000000753b3fee1c
0x00000075397ff650:   00000075395ff0e0 00000075395ff0e0
0x00000075397ff660:   000000753b3fee08 000000753b3fee0c
0x00000075397ff670:   000000753b3fee00 000000753b3fee04 

Instructions: (pc=0x0000000055c21060)
0x0000000055c21040:   48 89 5c 24 08 48 89 6c 24 10 48 89 74 24 18 48
0x0000000055c21050:   89 7c 24 20 41 56 48 83 ec 20 48 8b f2 4c 8b f1
0x0000000055c21060:   49 8b 5e 10 49 8b 7e 18 48 83 c3 10 48 3b df 73
0x0000000055c21070:   15 48 8b 06 48 8b d3 48 8b ce ff 50 08 48 83 c3 


Register to memory mapping:

RAX=0x0000000000000003 is an unknown value
RBX=0x0000024d25778288 is an unknown value
RCX=0x0000024d1df58340 is an unknown value
RDX=0x00000007b534a0a8 is an oop
java.lang.Thread 
 - klass: 'java/lang/Thread'
RSP=0x00000075397ff580 is an unknown value
RBP=0x0000000000000000 is an unknown value
RSI=0x00000075397ffc70 is an unknown value
RDI=0x0000024d25778270 is an unknown value
R8 =0x0000000780000000 is an oop
[Ljava.util.Formatter$Flags; 
 - klass: 'java/util/Formatter$Flags'[]
 - length: 5
R9 =0x00000075397ffc88 is an unknown value
R10=0x00000075397ff640 is an unknown value
R11=0x00000075397ffc48 is an unknown value
R12=0x00000075397ffc88 is an unknown value
R13=0x0000024d059ecc80 is an unknown value
R14=0x0000000000004000 is an unknown value
R15=0x0000000000000000 is an unknown value


Stack: [0x0000007539700000,0x0000007539800000],  sp=0x00000075397ff580,  free space=1021k
Native frames: (J=compiled Java code, j=interpreted, Vv=VM code, C=native code)


---------------  P R O C E S S  ---------------

Java Threads: ( => current thread )
  0x0000024d22c00800 JavaThread "Cache worker for execution history cache (C:\Users\Administrator\Desktop\lambda\.gradle\6.8.3\executionHistory)" [_thread_blocked, id=12508, stack(0x0000007540c00000,0x0000007540d00000)]
  0x0000024d22c04000 JavaThread "Execution worker for ':' Thread 3" [_thread_blocked, id=7048, stack(0x0000007540b00000,0x0000007540c00000)]
  0x0000024d23475800 JavaThread "Execution worker for ':' Thread 2" [_thread_blocked, id=2208, stack(0x0000007540a00000,0x0000007540b00000)]
  0x0000024d2346b800 JavaThread "Execution worker for ':'" [_thread_blocked, id=8516, stack(0x0000007540900000,0x0000007540a00000)]
  0x0000024d2346e800 JavaThread "Build operations Thread 4" [_thread_blocked, id=2364, stack(0x0000007540700000,0x0000007540800000)]
  0x0000024d23468000 JavaThread "Build operations Thread 3" [_thread_blocked, id=12704, stack(0x000000753b700000,0x000000753b800000)]
  0x0000024d2346d800 JavaThread "Build operations Thread 2" [_thread_blocked, id=1348, stack(0x000000753b600000,0x000000753b700000)]
  0x0000024d2346c000 JavaThread "Build operations" [_thread_blocked, id=4844, stack(0x000000753b500000,0x000000753b600000)]
  0x0000024d23467800 JavaThread "Cache worker for Build Output Cleanup Cache (C:\Users\Administrator\Desktop\lambda\.gradle\buildOutputCleanup)" [_thread_blocked, id=7832, stack(0x000000753b300000,0x000000753b400000)]
  0x0000024d2346a000 JavaThread "Cache worker for cache directory md-rule (C:\Users\Administrator\.gradle\caches\6.8.3\md-rule)" [_thread_blocked, id=12520, stack(0x000000753af00000,0x000000753b000000)]
  0x0000024d2346d000 JavaThread "Cache worker for cache directory md-supplier (C:\Users\Administrator\.gradle\caches\6.8.3\md-supplier)" [_thread_blocked, id=11132, stack(0x000000753ae00000,0x000000753af00000)]
  0x0000024d1fc92800 JavaThread "Cache worker for checksums cache (C:\Users\Administrator\Desktop\lambda\.gradle\checksums)" [_thread_blocked, id=12708, stack(0x000000753ad00000,0x000000753ae00000)]
  0x0000024d1fc92000 JavaThread "Cache worker for file hash cache (C:\Users\Administrator\Desktop\lambda\.gradle\6.8.3\fileHashes)" [_thread_blocked, id=1916, stack(0x000000753ac00000,0x000000753ad00000)]
  0x0000024d1fc95000 JavaThread "Daemon client event forwarder" [_thread_blocked, id=3488, stack(0x000000753ab00000,0x000000753ac00000)]
  0x0000024d1fc8e800 JavaThread "Stdin handler" [_thread_blocked, id=10572, stack(0x000000753aa00000,0x000000753ab00000)]
  0x0000024d1fc8f800 JavaThread "Asynchronous log dispatcher for DefaultDaemonConnection: socket connection from /127.0.0.1:3475 to /127.0.0.1:1717" [_thread_blocked, id=2844, stack(0x000000753a900000,0x000000753aa00000)]
  0x0000024d1fc96000 JavaThread "Cancel handler" [_thread_blocked, id=10136, stack(0x000000753a500000,0x000000753a600000)]
  0x0000024d1fc94000 JavaThread "Handler for socket connection from /127.0.0.1:3475 to /127.0.0.1:1717" [_thread_in_native, id=1616, stack(0x0000007539300000,0x0000007539400000)]
  0x0000024d2382e800 JavaThread "jar transforms Thread 2072" [_thread_blocked, id=348, stack(0x0000007540600000,0x0000007540700000)]
  0x0000024d2382f000 JavaThread "jar transforms Thread 2071" [_thread_blocked, id=10080, stack(0x0000007540500000,0x0000007540600000)]
  0x0000024d2382d800 JavaThread "jar transforms Thread 2070" [_thread_blocked, id=7432, stack(0x0000007540400000,0x0000007540500000)]
  0x0000024d2382b000 JavaThread "jar transforms Thread 2069" [_thread_blocked, id=12540, stack(0x0000007540300000,0x0000007540400000)]
  0x0000024d2382a800 JavaThread "jar transforms Thread 2068" [_thread_blocked, id=4064, stack(0x0000007540100000,0x0000007540200000)]
  0x0000024d2382c800 JavaThread "jar transforms Thread 2067" [_thread_blocked, id=1552, stack(0x0000007540000000,0x0000007540100000)]
  0x0000024d23829800 JavaThread "jar transforms Thread 2066" [_thread_blocked, id=11788, stack(0x000000753ff00000,0x0000007540000000)]
  0x0000024d2382c000 JavaThread "jar transforms Thread 2065" [_thread_blocked, id=9764, stack(0x000000753fe00000,0x000000753ff00000)]
  0x0000024d23821800 JavaThread "jar transforms Thread 2064" [_thread_blocked, id=1544, stack(0x000000753fd00000,0x000000753fe00000)]
  0x0000024d23829000 JavaThread "jar transforms Thread 2063" [_thread_blocked, id=5532, stack(0x000000753fc00000,0x000000753fd00000)]
  0x0000024d23821000 JavaThread "jar transforms Thread 2062" [_thread_blocked, id=6368, stack(0x000000753fb00000,0x000000753fc00000)]
  0x0000024d23827000 JavaThread "jar transforms Thread 2061" [_thread_blocked, id=4284, stack(0x000000753fa00000,0x000000753fb00000)]
  0x0000024d23825800 JavaThread "jar transforms Thread 2060" [_thread_blocked, id=252, stack(0x000000753f900000,0x000000753fa00000)]
  0x0000024d23825000 JavaThread "jar transforms Thread 2059" [_thread_blocked, id=1676, stack(0x000000753f800000,0x000000753f900000)]
  0x0000024d23824000 JavaThread "jar transforms Thread 2058" [_thread_blocked, id=7332, stack(0x000000753f700000,0x000000753f800000)]
  0x0000024d23822800 JavaThread "jar transforms Thread 2057" [_thread_blocked, id=2716, stack(0x000000753f600000,0x000000753f700000)]
  0x0000024d23820000 JavaThread "jar transforms Thread 2056" [_thread_blocked, id=6572, stack(0x000000753f500000,0x000000753f600000)]
  0x0000024d24fbc800 JavaThread "jar transforms Thread 2055" [_thread_blocked, id=7456, stack(0x000000753f400000,0x000000753f500000)]
  0x0000024d24fbb800 JavaThread "jar transforms Thread 2054" [_thread_blocked, id=3012, stack(0x000000753f300000,0x000000753f400000)]
  0x0000024d24fb8800 JavaThread "jar transforms Thread 2053" [_thread_blocked, id=3820, stack(0x000000753f200000,0x000000753f300000)]
  0x0000024d24fba800 JavaThread "jar transforms Thread 2052" [_thread_blocked, id=12592, stack(0x000000753f100000,0x000000753f200000)]
  0x0000024d24fb0800 JavaThread "jar transforms Thread 2051" [_thread_blocked, id=4536, stack(0x000000753f000000,0x000000753f100000)]
  0x0000024d24fb6000 JavaThread "jar transforms Thread 2050" [_thread_blocked, id=6672, stack(0x000000753ef00000,0x000000753f000000)]
  0x0000024d24fb2000 JavaThread "jar transforms Thread 2049" [_thread_blocked, id=5764, stack(0x000000753ee00000,0x000000753ef00000)]
  0x0000024d24fb7800 JavaThread "jar transforms Thread 2048" [_thread_blocked, id=9928, stack(0x000000753ed00000,0x000000753ee00000)]
  0x0000024d24fb7000 JavaThread "jar transforms Thread 2047" [_thread_blocked, id=12396, stack(0x000000753ec00000,0x000000753ed00000)]
  0x0000024d24fae000 JavaThread "jar transforms Thread 2046" [_thread_blocked, id=10568, stack(0x000000753eb00000,0x000000753ec00000)]
  0x0000024d24fb5800 JavaThread "jar transforms Thread 2045" [_thread_blocked, id=6992, stack(0x000000753ea00000,0x000000753eb00000)]
  0x0000024d24fb0000 JavaThread "jar transforms Thread 2044" [_thread_blocked, id=11196, stack(0x000000753e900000,0x000000753ea00000)]
  0x0000024d24fad800 JavaThread "jar transforms Thread 2043" [_thread_blocked, id=4708, stack(0x000000753e800000,0x000000753e900000)]
  0x0000024d24fb1800 JavaThread "jar transforms Thread 2042" [_thread_blocked, id=9524, stack(0x000000753e700000,0x000000753e800000)]
  0x0000024d24faf000 JavaThread "jar transforms Thread 2041" [_thread_blocked, id=10448, stack(0x000000753e600000,0x000000753e700000)]
  0x0000024d24fb3000 JavaThread "jar transforms Thread 2040" [_thread_blocked, id=12896, stack(0x000000753e500000,0x000000753e600000)]
  0x0000024d24fb4800 JavaThread "jar transforms Thread 2039" [_thread_blocked, id=3088, stack(0x000000753e400000,0x000000753e500000)]
  0x0000024d284da800 JavaThread "jar transforms Thread 2038" [_thread_blocked, id=7396, stack(0x000000753e300000,0x000000753e400000)]
  0x0000024d284d9800 JavaThread "jar transforms Thread 2037" [_thread_blocked, id=1880, stack(0x000000753e200000,0x000000753e300000)]
  0x0000024d284d9000 JavaThread "jar transforms Thread 2036" [_thread_blocked, id=12476, stack(0x000000753e100000,0x000000753e200000)]
  0x0000024d284d8000 JavaThread "jar transforms Thread 2035" [_thread_blocked, id=1412, stack(0x000000753e000000,0x000000753e100000)]
  0x0000024d284d7000 JavaThread "jar transforms Thread 2034" [_thread_blocked, id=1840, stack(0x000000753df00000,0x000000753e000000)]
  0x0000024d284cf800 JavaThread "jar transforms Thread 2033" [_thread_blocked, id=4396, stack(0x000000753de00000,0x000000753df00000)]
  0x0000024d284d6800 JavaThread "jar transforms Thread 2032" [_thread_blocked, id=12308, stack(0x000000753dd00000,0x000000753de00000)]
  0x0000024d284ce800 JavaThread "jar transforms Thread 2031" [_thread_blocked, id=972, stack(0x000000753dc00000,0x000000753dd00000)]
  0x0000024d284d5800 JavaThread "jar transforms Thread 2030" [_thread_blocked, id=2820, stack(0x000000753db00000,0x000000753dc00000)]
  0x0000024d284d5000 JavaThread "jar transforms Thread 2029" [_thread_blocked, id=4140, stack(0x000000753da00000,0x000000753db00000)]
  0x0000024d284d4000 JavaThread "jar transforms Thread 2028" [_thread_blocked, id=2180, stack(0x000000753d900000,0x000000753da00000)]
  0x0000024d284ce000 JavaThread "jar transforms Thread 2027" [_thread_blocked, id=13044, stack(0x000000753d800000,0x000000753d900000)]
  0x0000024d284cc000 JavaThread "jar transforms Thread 2026" [_thread_blocked, id=5980, stack(0x000000753d700000,0x000000753d800000)]
  0x0000024d284cb800 JavaThread "jar transforms Thread 2025" [_thread_blocked, id=2144, stack(0x000000753d600000,0x000000753d700000)]
  0x0000024d284d1800 JavaThread "jar transforms Thread 2024" [_thread_blocked, id=11240, stack(0x000000753d500000,0x000000753d600000)]
  0x0000024d284d1000 JavaThread "jar transforms Thread 2023" [_thread_blocked, id=11804, stack(0x000000753d400000,0x000000753d500000)]
  0x0000024d284cd000 JavaThread "jar transforms Thread 2022" [_thread_blocked, id=2264, stack(0x000000753d300000,0x000000753d400000)]
  0x0000024d2323f000 JavaThread "jar transforms Thread 2021" [_thread_blocked, id=5184, stack(0x000000753d200000,0x000000753d300000)]
  0x0000024d2323e800 JavaThread "jar transforms Thread 2020" [_thread_blocked, id=7440, stack(0x000000753d100000,0x000000753d200000)]
  0x0000024d2323d800 JavaThread "jar transforms Thread 2019" [_thread_blocked, id=11716, stack(0x000000753d000000,0x000000753d100000)]
  0x0000024d23241800 JavaThread "jar transforms Thread 2018" [_thread_blocked, id=8840, stack(0x000000753cf00000,0x000000753d000000)]
  0x0000024d23240800 JavaThread "jar transforms Thread 2017" [_thread_blocked, id=1912, stack(0x000000753ce00000,0x000000753cf00000)]
  0x0000024d23242000 JavaThread "jar transforms Thread 2016" [_thread_blocked, id=9048, stack(0x000000753cd00000,0x000000753ce00000)]
  0x0000024d23240000 JavaThread "jar transforms Thread 2015" [_thread_blocked, id=2572, stack(0x000000753cc00000,0x000000753cd00000)]
  0x0000024d23235800 JavaThread "jar transforms Thread 2014" [_thread_blocked, id=5484, stack(0x000000753c900000,0x000000753ca00000)]
  0x0000024d2323c800 JavaThread "jar transforms Thread 2013" [_thread_blocked, id=8852, stack(0x000000753c800000,0x000000753c900000)]
  0x0000024d23236800 JavaThread "jar transforms Thread 2012" [_thread_blocked, id=4252, stack(0x000000753c700000,0x000000753c800000)]
  0x0000024d23237000 JavaThread "jar transforms Thread 2011" [_thread_blocked, id=8860, stack(0x000000753c600000,0x000000753c700000)]
  0x0000024d2323c000 JavaThread "jar transforms Thread 2010" [_thread_blocked, id=7696, stack(0x000000753c500000,0x000000753c600000)]
  0x0000024d23239800 JavaThread "jar transforms Thread 2009" [_thread_blocked, id=7700, stack(0x000000753c400000,0x000000753c500000)]
  0x0000024d23234000 JavaThread "jar transforms Thread 2008" [_thread_blocked, id=12072, stack(0x000000753c300000,0x000000753c400000)]
  0x0000024d2323b000 JavaThread "jar transforms Thread 2007" [_thread_blocked, id=60, stack(0x000000753c200000,0x000000753c300000)]
  0x0000024d23238000 JavaThread "jar transforms Thread 2006" [_thread_blocked, id=9292, stack(0x000000753c100000,0x000000753c200000)]
  0x0000024d23239000 JavaThread "jar transforms Thread 2005" [_thread_blocked, id=1192, stack(0x000000753c000000,0x000000753c100000)]
  0x0000024d23235000 JavaThread "jar transforms Thread 2004" [_thread_blocked, id=12008, stack(0x000000753bf00000,0x000000753c000000)]
  0x0000024d22c09800 JavaThread "jar transforms Thread 2003" [_thread_blocked, id=976, stack(0x000000753be00000,0x000000753bf00000)]
  0x0000024d22c0e800 JavaThread "jar transforms Thread 2002" [_thread_blocked, id=13168, stack(0x000000753bd00000,0x000000753be00000)]
  0x0000024d22c09000 JavaThread "jar transforms Thread 2001" [_thread_blocked, id=9908, stack(0x000000753bc00000,0x000000753bd00000)]
  0x0000024d22c0d000 JavaThread "jar transforms Thread 2000" [_thread_blocked, id=11528, stack(0x000000753bb00000,0x000000753bc00000)]
  0x0000024d22c0f000 JavaThread "jar transforms Thread 1999" [_thread_blocked, id=8220, stack(0x000000753ba00000,0x000000753bb00000)]
  0x0000024d22c0c000 JavaThread "jar transforms Thread 1998" [_thread_blocked, id=2748, stack(0x000000753b900000,0x000000753ba00000)]
  0x0000024d22c0b800 JavaThread "jar transforms Thread 1997" [_thread_blocked, id=2724, stack(0x000000753b800000,0x000000753b900000)]
  0x0000024d286a2000 JavaThread "Daemon worker Thread 18" [_thread_blocked, id=2536, stack(0x000000753a600000,0x000000753a700000)]
  0x0000024d2869e000 JavaThread "Daemon Thread 18" [_thread_blocked, id=4644, stack(0x0000007539200000,0x0000007539300000)]
  0x0000024d286a1000 JavaThread "RMI TCP Accept-0" daemon [_thread_in_native, id=4996, stack(0x0000007541300000,0x0000007541400000)]
  0x0000024d28695800 JavaThread "Cache worker for Java compile cache (C:\Users\Administrator\.gradle\caches\6.8.3\javaCompile)" [_thread_blocked, id=12688, stack(0x0000007539400000,0x0000007539500000)]
  0x0000024d2869c800 JavaThread "RMI Reaper" [_thread_blocked, id=10924, stack(0x0000007541100000,0x0000007541200000)]
  0x0000024d2869a000 JavaThread "RMI TCP Accept-0" daemon [_thread_in_native, id=10548, stack(0x0000007541000000,0x0000007541100000)]
  0x0000024d28698800 JavaThread "GC Daemon" daemon [_thread_blocked, id=10404, stack(0x0000007540f00000,0x0000007541000000)]
  0x0000024d2869b800 JavaThread "RMI Scheduler(0)" daemon [_thread_blocked, id=9812, stack(0x0000007540d00000,0x0000007540e00000)]
  0x0000024d23823800 JavaThread "Memory manager" [_thread_blocked, id=6308, stack(0x0000007540200000,0x0000007540300000)]
  0x0000024d23471000 JavaThread "Cache worker for file content cache (C:\Users\Administrator\.gradle\caches\6.8.3\fileContent)" [_thread_blocked, id=13096, stack(0x000000753cb00000,0x000000753cc00000)]
  0x0000024d23474000 JavaThread "Cache worker for execution history cache (C:\Users\Administrator\.gradle\caches\6.8.3\executionHistory)" [_thread_blocked, id=6740, stack(0x000000753ca00000,0x000000753cb00000)]
  0x0000024d1f710000 JavaThread "Cache worker for journal cache (C:\Users\Administrator\.gradle\caches\journal-1)" [_thread_blocked, id=7068, stack(0x000000753b200000,0x000000753b300000)]
  0x0000024d1f713800 JavaThread "File lock request listener" [_thread_in_native, id=1416, stack(0x000000753b100000,0x000000753b200000)]
  0x0000024d1f70f000 JavaThread "Cache worker for file hash cache (C:\Users\Administrator\.gradle\caches\6.8.3\fileHashes)" [_thread_blocked, id=4948, stack(0x000000753b000000,0x000000753b100000)]
  0x0000024d1f5b7000 JavaThread "Daemon periodic checks" [_thread_blocked, id=6892, stack(0x000000753a800000,0x000000753a900000)]
  0x0000024d1f302000 JavaThread "Incoming local TCP Connector on port 3475" [_thread_in_native, id=9076, stack(0x000000753a700000,0x000000753a800000)]
  0x0000024d1e7d4000 JavaThread "Daemon health stats" [_thread_blocked, id=12252, stack(0x000000753a400000,0x000000753a500000)]
  0x0000024d1e774000 JavaThread "Service Thread" daemon [_thread_blocked, id=13164, stack(0x000000753a200000,0x000000753a300000)]
  0x0000024d1e6dd000 JavaThread "C1 CompilerThread2" daemon [_thread_blocked, id=2268, stack(0x000000753a100000,0x000000753a200000)]
  0x0000024d1e6d8800 JavaThread "C2 CompilerThread1" daemon [_thread_blocked, id=244, stack(0x000000753a000000,0x000000753a100000)]
  0x0000024d1e6db800 JavaThread "C2 CompilerThread0" daemon [_thread_blocked, id=10248, stack(0x0000007539f00000,0x000000753a000000)]
  0x0000024d1e6cd000 JavaThread "Attach Listener" daemon [_thread_blocked, id=9872, stack(0x0000007539e00000,0x0000007539f00000)]
  0x0000024d1e6cc000 JavaThread "Signal Dispatcher" daemon [_thread_blocked, id=628, stack(0x0000007539d00000,0x0000007539e00000)]
  0x0000024d1df68000 JavaThread "Finalizer" daemon [_thread_blocked, id=10920, stack(0x0000007539c00000,0x0000007539d00000)]
  0x0000024d1e6a6000 JavaThread "Reference Handler" daemon [_thread_blocked, id=10864, stack(0x0000007539b00000,0x0000007539c00000)]
  0x0000024d059d5800 JavaThread "main" [_thread_blocked, id=908, stack(0x0000007539500000,0x0000007539600000)]

Other Threads:
  0x0000024d1e683000 VMThread [stack: 0x0000007539a00000,0x0000007539b00000] [id=9780]
  0x0000024d1e72c000 WatcherThread [stack: 0x000000753a300000,0x000000753a400000] [id=6568]

=>0x0000024d059ec800 (exited) GCTaskThread [stack: 0x0000007539700000,0x0000007539800000] [id=1012]

VM state:at safepoint (normal execution)

VM Mutex/Monitor currently owned by a thread:  ([mutex/lock_event])
[0x0000024d059d2d50] Threads_lock - owner thread: 0x0000024d1e683000
[0x0000024d059d3760] Heap_lock - owner thread: 0x0000024d286a2000

heap address: 0x0000000700000000, size: 3072 MB, Compressed Oops mode: Zero based, Oop shift amount: 3
Narrow klass base: 0x0000000000000000, Narrow klass shift: 3
Compressed class space size: 1073741824 Address: 0x00000007c0000000

Heap:
 PSYoungGen      total 825856K, used 823900K [0x0000000780000000, 0x00000007c0000000, 0x00000007c0000000)
  eden space 700416K, 99% used [0x0000000780000000,0x00000007aaa525e0,0x00000007aac00000)
  from space 125440K, 99% used [0x00000007aac00000,0x00000007b2644e18,0x00000007b2680000)
  to   space 177152K, 39% used [0x00000007b5300000,0x00000007b982bcc0,0x00000007c0000000)
 ParOldGen       total 1879040K, used 281714K [0x0000000700000000, 0x0000000772b00000, 0x0000000780000000)
  object space 1879040K, 14% used [0x0000000700000000,0x000000071131c9d0,0x0000000772b00000)
 Metaspace       used 118752K, capacity 128664K, committed 155608K, reserved 1183744K
  class space    used 15166K, capacity 16919K, committed 20736K, reserved 1048576K

Card table byte_map: [0x0000024d16660000,0x0000024d16c70000] byte_map_base: 0x0000024d12e60000

Marking Bits: (ParMarkBitMap*) 0x000000005622c860
 Begin Bits: [0x0000024d17070000, 0x0000024d1a070000)
 End Bits:   [0x0000024d1a070000, 0x0000024d1d070000)

Polling page: 0x0000024d05940000

CodeCache: size=245760Kb used=102945Kb max_used=109660Kb free=142815Kb
 bounds [0x0000024d072a0000, 0x0000024d0de80000, 0x0000024d162a0000]
 total_blobs=27002 nmethods=26067 adapters=846
 compilation: enabled

Compilation events (10 events):
Event: 12922.744 Thread 0x0000024d1e6dd000 41922       3       sun.security.ssl.SSLSocketImpl::<init> (141 bytes)
Event: 12922.746 Thread 0x0000024d1e6dd000 nmethod 41922 0x0000024d0aa98bd0 code [0x0000024d0aa98f00, 0x0000024d0aa9a800]
Event: 12922.746 Thread 0x0000024d1e6dd000 41923   !   3       sun.security.ssl.SSLSocketImpl::setEnabledProtocols (56 bytes)
Event: 12922.746 Thread 0x0000024d1e6dd000 nmethod 41923 0x0000024d0baf2390 code [0x0000024d0baf2560, 0x0000024d0baf2d70]
Event: 12922.761 Thread 0x0000024d1e6dd000 41924   !   3       org.apache.http.conn.ssl.DefaultHostnameVerifier::verify (53 bytes)
Event: 12922.762 Thread 0x0000024d1e6dd000 nmethod 41924 0x0000024d09f6edd0 code [0x0000024d09f6ef80, 0x0000024d09f6f620]
Event: 12922.762 Thread 0x0000024d1e6dd000 41926       3       org.apache.http.conn.ssl.DefaultHostnameVerifier::matchDNSName (115 bytes)
Event: 12922.762 Thread 0x0000024d1e6dd000 nmethod 41926 0x0000024d0db39dd0 code [0x0000024d0db3a0a0, 0x0000024d0db3b570]
Event: 12922.762 Thread 0x0000024d1e6dd000 41925       3       org.apache.http.conn.ssl.DefaultHostnameVerifier::verify (162 bytes)
Event: 12922.764 Thread 0x0000024d1e6dd000 nmethod 41925 0x0000024d0ae0dfd0 code [0x0000024d0ae0e2a0, 0x0000024d0ae0f2e0]

GC Heap History (10 events):
Event: 10389.283 GC heap after
Heap after GC invocations=99 (full 13):
 PSYoungGen      total 876544K, used 119784K [0x0000000780000000, 0x00000007c0000000, 0x00000007c0000000)
  eden space 756736K, 0% used [0x0000000780000000,0x0000000780000000,0x00000007ae300000)
  from space 119808K, 99% used [0x00000007b8b00000,0x00000007bfffa2e0,0x00000007c0000000)
  to   space 145920K, 0% used [0x00000007ae300000,0x00000007ae300000,0x00000007b7180000)
 ParOldGen       total 1879040K, used 1531286K [0x0000000700000000, 0x0000000772b00000, 0x0000000780000000)
  object space 1879040K, 81% used [0x0000000700000000,0x000000075d765928,0x0000000772b00000)
 Metaspace       used 141389K, capacity 153244K, committed 153560K, reserved 1181696K
  class space    used 18277K, capacity 20413K, committed 20480K, reserved 1048576K
}
Event: 11507.364 GC heap before
{Heap before GC invocations=100 (full 13):
 PSYoungGen      total 876544K, used 848646K [0x0000000780000000, 0x00000007c0000000, 0x00000007c0000000)
  eden space 756736K, 96% used [0x0000000780000000,0x00000007ac7c76b8,0x00000007ae300000)
  from space 119808K, 99% used [0x00000007b8b00000,0x00000007bfffa2e0,0x00000007c0000000)
  to   space 145920K, 0% used [0x00000007ae300000,0x00000007ae300000,0x00000007b7180000)
 ParOldGen       total 1879040K, used 1531286K [0x0000000700000000, 0x0000000772b00000, 0x0000000780000000)
  object space 1879040K, 81% used [0x0000000700000000,0x000000075d765928,0x0000000772b00000)
 Metaspace       used 143475K, capacity 155414K, committed 155608K, reserved 1183744K
  class space    used 18535K, capacity 20682K, committed 20736K, reserved 1048576K
Event: 11507.480 GC heap after
Heap after GC invocations=100 (full 13):
 PSYoungGen      total 902656K, used 145911K [0x0000000780000000, 0x00000007c0000000, 0x00000007c0000000)
  eden space 756736K, 0% used [0x0000000780000000,0x0000000780000000,0x00000007ae300000)
  from space 145920K, 99% used [0x00000007ae300000,0x00000007b717df28,0x00000007b7180000)
  to   space 145920K, 0% used [0x00000007b7180000,0x00000007b7180000,0x00000007c0000000)
 ParOldGen       total 1879040K, used 1572865K [0x0000000700000000, 0x0000000772b00000, 0x0000000780000000)
  object space 1879040K, 83% used [0x0000000700000000,0x0000000760000640,0x0000000772b00000)
 Metaspace       used 143475K, capacity 155414K, committed 155608K, reserved 1183744K
  class space    used 18535K, capacity 20682K, committed 20736K, reserved 1048576K
}
Event: 11507.480 GC heap before
{Heap before GC invocations=101 (full 14):
 PSYoungGen      total 902656K, used 145911K [0x0000000780000000, 0x00000007c0000000, 0x00000007c0000000)
  eden space 756736K, 0% used [0x0000000780000000,0x0000000780000000,0x00000007ae300000)
  from space 145920K, 99% used [0x00000007ae300000,0x00000007b717df28,0x00000007b7180000)
  to   space 145920K, 0% used [0x00000007b7180000,0x00000007b7180000,0x00000007c0000000)
 ParOldGen       total 1879040K, used 1572865K [0x0000000700000000, 0x0000000772b00000, 0x0000000780000000)
  object space 1879040K, 83% used [0x0000000700000000,0x0000000760000640,0x0000000772b00000)
 Metaspace       used 143475K, capacity 155414K, committed 155608K, reserved 1183744K
  class space    used 18535K, capacity 20682K, committed 20736K, reserved 1048576K
Event: 11510.316 GC heap after
Heap after GC invocations=101 (full 14):
 PSYoungGen      total 902656K, used 0K [0x0000000780000000, 0x00000007c0000000, 0x00000007c0000000)
  eden space 756736K, 0% used [0x0000000780000000,0x0000000780000000,0x00000007ae300000)
  from space 145920K, 0% used [0x00000007ae300000,0x00000007ae300000,0x00000007b7180000)
  to   space 145920K, 0% used [0x00000007b7180000,0x00000007b7180000,0x00000007c0000000)
 ParOldGen       total 1879040K, used 281706K [0x0000000700000000, 0x0000000772b00000, 0x0000000780000000)
  object space 1879040K, 14% used [0x0000000700000000,0x000000071131a9d0,0x0000000772b00000)
 Metaspace       used 114415K, capacity 124168K, committed 155608K, reserved 1183744K
  class space    used 14633K, capacity 16357K, committed 20736K, reserved 1048576K
}
Event: 12835.324 GC heap before
{Heap before GC invocations=102 (full 14):
 PSYoungGen      total 902656K, used 756736K [0x0000000780000000, 0x00000007c0000000, 0x00000007c0000000)
  eden space 756736K, 100% used [0x0000000780000000,0x00000007ae300000,0x00000007ae300000)
  from space 145920K, 0% used [0x00000007ae300000,0x00000007ae300000,0x00000007b7180000)
  to   space 145920K, 0% used [0x00000007b7180000,0x00000007b7180000,0x00000007c0000000)
 ParOldGen       total 1879040K, used 281706K [0x0000000700000000, 0x0000000772b00000, 0x0000000780000000)
  object space 1879040K, 14% used [0x0000000700000000,0x000000071131a9d0,0x0000000772b00000)
 Metaspace       used 116495K, capacity 126324K, committed 155608K, reserved 1183744K
  class space    used 14898K, capacity 16635K, committed 20736K, reserved 1048576K
Event: 12835.421 GC heap after
Heap after GC invocations=102 (full 14):
 PSYoungGen      total 846336K, used 70484K [0x0000000780000000, 0x00000007c0000000, 0x00000007c0000000)
  eden space 700416K, 0% used [0x0000000780000000,0x0000000780000000,0x00000007aac00000)
  from space 145920K, 48% used [0x00000007b7180000,0x00000007bb6550e8,0x00000007c0000000)
  to   space 174080K, 0% used [0x00000007aac00000,0x00000007aac00000,0x00000007b5600000)
 ParOldGen       total 1879040K, used 281706K [0x0000000700000000, 0x0000000772b00000, 0x0000000780000000)
  object space 1879040K, 14% used [0x0000000700000000,0x000000071131a9d0,0x0000000772b00000)
 Metaspace       used 116495K, capacity 126324K, committed 155608K, reserved 1183744K
  class space    used 14898K, capacity 16635K, committed 20736K, reserved 1048576K
}
Event: 12854.566 GC heap before
{Heap before GC invocations=103 (full 14):
 PSYoungGen      total 846336K, used 770900K [0x0000000780000000, 0x00000007c0000000, 0x00000007c0000000)
  eden space 700416K, 100% used [0x0000000780000000,0x00000007aac00000,0x00000007aac00000)
  from space 145920K, 48% used [0x00000007b7180000,0x00000007bb6550e8,0x00000007c0000000)
  to   space 174080K, 0% used [0x00000007aac00000,0x00000007aac00000,0x00000007b5600000)
 ParOldGen       total 1879040K, used 281706K [0x0000000700000000, 0x0000000772b00000, 0x0000000780000000)
  object space 1879040K, 14% used [0x0000000700000000,0x000000071131a9d0,0x0000000772b00000)
 Metaspace       used 118010K, capacity 127932K, committed 155608K, reserved 1183744K
  class space    used 15082K, capacity 16851K, committed 20736K, reserved 1048576K
Event: 12854.642 GC heap after
Heap after GC invocations=103 (full 14):
 PSYoungGen      total 825856K, used 125203K [0x0000000780000000, 0x00000007c0000000, 0x00000007c0000000)
  eden space 700416K, 0% used [0x0000000780000000,0x0000000780000000,0x00000007aac00000)
  from space 125440K, 99% used [0x00000007aac00000,0x00000007b2644e18,0x00000007b2680000)
  to   space 177152K, 0% used [0x00000007b5300000,0x00000007b5300000,0x00000007c0000000)
 ParOldGen       total 1879040K, used 281706K [0x0000000700000000, 0x0000000772b00000, 0x0000000780000000)
  object space 1879040K, 14% used [0x0000000700000000,0x000000071131a9d0,0x0000000772b00000)
 Metaspace       used 118010K, capacity 127932K, committed 155608K, reserved 1183744K
  class space    used 15082K, capacity 16851K, committed 20736K, reserved 1048576K
}
Event: 12922.989 GC heap before
{Heap before GC invocations=104 (full 14):
 PSYoungGen      total 825856K, used 823900K [0x0000000780000000, 0x00000007c0000000, 0x00000007c0000000)
  eden space 700416K, 99% used [0x0000000780000000,0x00000007aaa525e0,0x00000007aac00000)
  from space 125440K, 99% used [0x00000007aac00000,0x00000007b2644e18,0x00000007b2680000)
  to   space 177152K, 0% used [0x00000007b5300000,0x00000007b5300000,0x00000007c0000000)
 ParOldGen       total 1879040K, used 281706K [0x0000000700000000, 0x0000000772b00000, 0x0000000780000000)
  object space 1879040K, 14% used [0x0000000700000000,0x000000071131a9d0,0x0000000772b00000)
 Metaspace       used 118752K, capacity 128664K, committed 155608K, reserved 1183744K
  class space    used 15166K, capacity 16919K, committed 20736K, reserved 1048576K

Deoptimization events (10 events):
Event: 12851.617 Thread 0x0000024d286a2000 Uncommon trap: reason=unstable_if action=reinterpret pc=0x0000024d09e070d0 method=sun.util.calendar.ZoneInfo.getOffsets(J[II)I @ 4
Event: 12852.617 Thread 0x0000024d286a2000 Uncommon trap: reason=unstable_if action=reinterpret pc=0x0000024d0a7e79ac method=java.util.zip.ZipFile$ZipEntryIterator.hasNext()Z @ 25
Event: 12854.003 Thread 0x0000024d22c06800 Uncommon trap: reason=unstable_if action=reinterpret pc=0x0000024d076c8f2c method=java.util.zip.ZipFile$ZipEntryIterator.hasNext()Z @ 25
Event: 12854.542 Thread 0x0000024d22c06800 Uncommon trap: reason=unstable_if action=reinterpret pc=0x0000024d0819a2c4 method=com.google.common.collect.HashBiMap.seekByValue(Ljava/lang/Object;I)Lcom/google/common/collect/HashBiMap$BiEntry; @ 21
Event: 12854.647 Thread 0x0000024d22c06800 Uncommon trap: reason=unstable_if action=reinterpret pc=0x0000024d07eb8d24 method=com.google.common.collect.HashBiMap.seekByKey(Ljava/lang/Object;I)Lcom/google/common/collect/HashBiMap$BiEntry; @ 21
Event: 12854.818 Thread 0x0000024d22c06800 Uncommon trap: reason=unstable_if action=reinterpret pc=0x0000024d0819114c method=com.google.common.base.Strings.nullToEmpty(Ljava/lang/String;)Ljava/lang/String; @ 1
Event: 12854.843 Thread 0x0000024d22c06800 Uncommon trap: reason=unstable_if action=reinterpret pc=0x0000024d08c9af5c method=com.google.common.base.Platform.stringIsNullOrEmpty(Ljava/lang/String;)Z @ 1
Event: 12855.312 Thread 0x0000024d286a2000 Uncommon trap: reason=null_check action=make_not_entrant pc=0x0000024d0b1b4ea4 method=java.lang.ThreadLocal$ThreadLocalMap.set(Ljava/lang/ThreadLocal;Ljava/lang/Object;)V @ 36
Event: 12855.314 Thread 0x0000024d286a2000 Uncommon trap: reason=null_check action=make_not_entrant pc=0x0000024d08a26f28 method=java.lang.ThreadLocal$ThreadLocalMap.set(Ljava/lang/ThreadLocal;Ljava/lang/Object;)V @ 36
Event: 12910.600 Thread 0x0000024d2346e800 Uncommon trap: reason=unstable_if action=reinterpret pc=0x0000024d0aae348c method=java.util.concurrent.ConcurrentHashMap.replaceNode(Ljava/lang/Object;Ljava/lang/Object;Ljava/lang/Object;)Ljava/lang/Object; @ 99

Classes redefined (0 events):
No events

Internal exceptions (10 events):
Event: 12853.968 Thread 0x0000024d22c06800 Exception <a 'java/io/FileNotFoundException'> (0x000000079bcc1128) thrown at [E:\jenkins\tmp\workspace\build\src\hotspot\src\share\vm\prims\jni.cpp, line 711]
Event: 12854.843 Thread 0x0000024d22c06800 Implicit null exception at 0x0000024d08c9af0c to 0x0000024d08c9af4d
Event: 12855.312 Thread 0x0000024d286a2000 Implicit null exception at 0x0000024d0b1b2ba4 to 0x0000024d0b1b4e8d
Event: 12855.314 Thread 0x0000024d286a2000 Implicit null exception at 0x0000024d08a26bbc to 0x0000024d08a26efd
Event: 12917.199 Thread 0x0000024d23468000 Exception <a 'java/net/SocketTimeoutException': Read timed out> (0x000000079e2c35d8) thrown at [E:\jenkins\tmp\workspace\build\src\hotspot\src\share\vm\prims\jni.cpp, line 738]
Event: 12917.213 Thread 0x0000024d2346c000 Exception <a 'java/net/SocketTimeoutException': Read timed out> (0x000000079fd09618) thrown at [E:\jenkins\tmp\workspace\build\src\hotspot\src\share\vm\prims\jni.cpp, line 738]
Event: 12922.804 Thread 0x0000024d23468000 Implicit null exception at 0x0000024d08373014 to 0x0000024d08373a14
Event: 12922.804 Thread 0x0000024d23468000 Exception <a 'java/lang/NullPointerException'> (0x00000007aa6c2a40) thrown at [E:\jenkins\tmp\workspace\build\src\hotspot\src\share\vm\runtime\sharedRuntime.cpp, line 609]
Event: 12922.971 Thread 0x0000024d23468000 Implicit null exception at 0x0000024d08373014 to 0x0000024d08373a14
Event: 12922.971 Thread 0x0000024d23468000 Exception <a 'java/lang/NullPointerException'> (0x00000007aa6d17b0) thrown at [E:\jenkins\tmp\workspace\build\src\hotspot\src\share\vm\runtime\sharedRuntime.cpp, line 609]

Events (10 events):
Event: 12921.039 Executing VM operation: RevokeBias
Event: 12921.039 Executing VM operation: RevokeBias done
Event: 12921.039 Executing VM operation: BulkRevokeBias
Event: 12921.040 Executing VM operation: BulkRevokeBias done
Event: 12921.040 Thread 0x0000024d2346a800 Thread exited: 0x0000024d2346a800
Event: 12921.203 Executing VM operation: RevokeBias
Event: 12921.203 Executing VM operation: RevokeBias done
Event: 12922.568 Executing VM operation: RevokeBias
Event: 12922.568 Executing VM operation: RevokeBias done
Event: 12922.988 Executing VM operation: ParallelGCFailedAllocation


Dynamic libraries:
0x00007ff65a3e0000 - 0x00007ff65a41a000 	C:\Program Files\Eclipse Adoptium\jdk-8.0.312.7-hotspot\bin\java.exe
0x00007ffbde750000 - 0x00007ffbde945000 	C:\Windows\SYSTEM32\ntdll.dll
0x00007ffbdd150000 - 0x00007ffbdd20d000 	C:\Windows\System32\KERNEL32.DLL
0x00007ffbdc2c0000 - 0x00007ffbdc588000 	C:\Windows\System32\KERNELBASE.dll
0x00007ffbdc8a0000 - 0x00007ffbdc94c000 	C:\Windows\System32\ADVAPI32.dll
0x00007ffbdcf80000 - 0x00007ffbdd01e000 	C:\Windows\System32\msvcrt.dll
0x00007ffbdd480000 - 0x00007ffbdd51b000 	C:\Windows\System32\sechost.dll
0x00007ffbdd020000 - 0x00007ffbdd14b000 	C:\Windows\System32\RPCRT4.dll
0x00007ffbdd590000 - 0x00007ffbdd730000 	C:\Windows\System32\USER32.dll
0x00007ffbdc590000 - 0x00007ffbdc5b2000 	C:\Windows\System32\win32u.dll
0x00007ffbde0a0000 - 0x00007ffbde0ca000 	C:\Windows\System32\GDI32.dll
0x00007ffbdc5c0000 - 0x00007ffbdc6cb000 	C:\Windows\System32\gdi32full.dll
0x00007ffbdc720000 - 0x00007ffbdc7bd000 	C:\Windows\System32\msvcp_win.dll
0x00007ffbdc110000 - 0x00007ffbdc210000 	C:\Windows\System32\ucrtbase.dll
0x00007ffbce700000 - 0x00007ffbce99a000 	C:\Windows\WinSxS\amd64_microsoft.windows.common-controls_6595b64144ccf1df_6.0.19041.844_none_ca00b6081b84eb1d\COMCTL32.dll
0x00007ffbde140000 - 0x00007ffbde170000 	C:\Windows\System32\IMM32.DLL
0x00007ffbbdbc0000 - 0x00007ffbbdcaf000 	C:\Program Files\Eclipse Adoptium\jdk-8.0.312.7-hotspot\jre\bin\msvcr120.dll
0x00007ffbbdaf0000 - 0x00007ffbbdb96000 	C:\Program Files\Eclipse Adoptium\jdk-8.0.312.7-hotspot\jre\bin\msvcp120.dll
0x0000000055a40000 - 0x00000000562ab000 	C:\Program Files\Eclipse Adoptium\jdk-8.0.312.7-hotspot\jre\bin\server\jvm.dll
0x00007ffbde130000 - 0x00007ffbde138000 	C:\Windows\System32\PSAPI.DLL
0x00007ffbb25b0000 - 0x00007ffbb25b9000 	C:\Windows\SYSTEM32\WSOCK32.dll
0x00007ffbd2bf0000 - 0x00007ffbd2c17000 	C:\Windows\SYSTEM32\WINMM.dll
0x00007ffbdcf10000 - 0x00007ffbdcf7b000 	C:\Windows\System32\WS2_32.dll
0x00007ffbd54a0000 - 0x00007ffbd54aa000 	C:\Windows\SYSTEM32\VERSION.dll
0x00007ffbc2530000 - 0x00007ffbc253f000 	C:\Program Files\Eclipse Adoptium\jdk-8.0.312.7-hotspot\jre\bin\verify.dll
0x00007ffbbe020000 - 0x00007ffbbe049000 	C:\Program Files\Eclipse Adoptium\jdk-8.0.312.7-hotspot\jre\bin\java.dll
0x00007ffbc24c0000 - 0x00007ffbc24d6000 	C:\Program Files\Eclipse Adoptium\jdk-8.0.312.7-hotspot\jre\bin\zip.dll
0x00007ffbdd960000 - 0x00007ffbde09f000 	C:\Windows\System32\SHELL32.dll
0x00007ffbd9fc0000 - 0x00007ffbda750000 	C:\Windows\SYSTEM32\windows.storage.dll
0x00007ffbdc950000 - 0x00007ffbdcca5000 	C:\Windows\System32\combase.dll
0x00007ffbdb830000 - 0x00007ffbdb85c000 	C:\Windows\SYSTEM32\Wldp.dll
0x00007ffbde660000 - 0x00007ffbde70e000 	C:\Windows\System32\SHCORE.dll
0x00007ffbdd2f0000 - 0x00007ffbdd345000 	C:\Windows\System32\shlwapi.dll
0x00007ffbdbdd0000 - 0x00007ffbdbdef000 	C:\Windows\SYSTEM32\profapi.dll
0x00007ffbbf7d0000 - 0x00007ffbbf7ea000 	C:\Program Files\Eclipse Adoptium\jdk-8.0.312.7-hotspot\jre\bin\net.dll
0x00007ffbdb610000 - 0x00007ffbdb67a000 	C:\Windows\system32\mswsock.dll
0x00007ffbbf050000 - 0x00007ffbbf062000 	C:\Program Files\Eclipse Adoptium\jdk-8.0.312.7-hotspot\jre\bin\nio.dll
0x00007ffbbda60000 - 0x00007ffbbda87000 	C:\Users\Administrator\.gradle\native\fdc75f09e3144964f2cf3f50f0aa648679c211496f362492102eb8c894070792\windows-amd64\native-platform.dll
0x00007ffb7f630000 - 0x00007ffb7f7c6000 	C:\Users\Administrator\.gradle\native\12488b8bf47d2d4c9fbf2f6322a914ad602e24e48041cd04a747c6da556b65c4\windows-amd64\native-platform-file-events.dll
0x00007ffbc2520000 - 0x00007ffbc252d000 	C:\Program Files\Eclipse Adoptium\jdk-8.0.312.7-hotspot\jre\bin\management.dll
0x00007ffbdbb80000 - 0x00007ffbdbb98000 	C:\Windows\SYSTEM32\CRYPTSP.dll
0x00007ffbdaf60000 - 0x00007ffbdaf94000 	C:\Windows\system32\rsaenh.dll
0x00007ffbdc0e0000 - 0x00007ffbdc107000 	C:\Windows\System32\bcrypt.dll
0x00007ffbdbd50000 - 0x00007ffbdbd7e000 	C:\Windows\SYSTEM32\USERENV.dll
0x00007ffbdbff0000 - 0x00007ffbdc073000 	C:\Windows\System32\bcryptprimitives.dll
0x00007ffbdb790000 - 0x00007ffbdb79c000 	C:\Windows\SYSTEM32\CRYPTBASE.dll
0x00007ffbdb2d0000 - 0x00007ffbdb30b000 	C:\Windows\SYSTEM32\IPHLPAPI.DLL
0x00007ffbdc7c0000 - 0x00007ffbdc7c8000 	C:\Windows\System32\NSI.dll
0x00007ffbd5740000 - 0x00007ffbd5757000 	C:\Windows\SYSTEM32\dhcpcsvc6.DLL
0x00007ffbd5720000 - 0x00007ffbd573d000 	C:\Windows\SYSTEM32\dhcpcsvc.DLL
0x00007ffbdb320000 - 0x00007ffbdb3ec000 	C:\Windows\SYSTEM32\DNSAPI.dll
0x00007ffbd58a0000 - 0x00007ffbd58ab000 	C:\Windows\SYSTEM32\WINNSI.DLL
0x00007ffbbe100000 - 0x00007ffbbe123000 	C:\Program Files\Eclipse Adoptium\jdk-8.0.312.7-hotspot\jre\bin\sunec.dll
0x00007ffbcd6f0000 - 0x00007ffbcd6fa000 	C:\Windows\System32\rasadhlp.dll
0x00007ffbd59b0000 - 0x00007ffbd5a2f000 	C:\Windows\System32\fwpuclnt.dll
0x00007ffbbe540000 - 0x00007ffbbe54c000 	C:\Program Files\Eclipse Adoptium\jdk-8.0.312.7-hotspot\jre\bin\sunmscapi.dll
0x00007ffbdbe90000 - 0x00007ffbdbfef000 	C:\Windows\System32\CRYPT32.dll
0x00007ffbdb8a0000 - 0x00007ffbdb8c7000 	C:\Windows\SYSTEM32\ncrypt.dll
0x00007ffbdb860000 - 0x00007ffbdb89b000 	C:\Windows\SYSTEM32\NTASN1.dll
0x00007ffbbe680000 - 0x00007ffbbe69e000 	C:\Users\Administrator\AppData\Local\Temp\native-platform2702941512833122721dir\native-platform.dll
0x00007ffbdab90000 - 0x00007ffbdabc3000 	C:\Windows\SYSTEM32\ntmarta.dll
0x00007ffbd3450000 - 0x00007ffbd3634000 	C:\Windows\SYSTEM32\dbghelp.dll

VM Arguments:
jvm_args: -Xmx3G -Dfile.encoding=windows-1252 -Duser.country=CA -Duser.language=fr -Duser.variant 
java_command: org.gradle.launcher.daemon.bootstrap.GradleDaemon 6.8.3
java_class_path (initial): C:\Users\Administrator\.gradle\wrapper\dists\gradle-6.8.3-bin\7ykxq50lst7lb7wx1nijpicxn\gradle-6.8.3\lib\gradle-launcher-6.8.3.jar
Launcher Type: SUN_STANDARD

Environment Variables:
PATH=C:\Windows\system32;C:\Windows;C:\Windows\System32\Wbem;C:\Windows\System32\WindowsPowerShell\v1.0\;C:\Windows\System32\OpenSSH\;C:\Program Files\PuTTY\;C:\Program Files\NVIDIA Corporation\NVIDIA NvDLISR;C:\Program Files (x86)\NVIDIA Corporation\PhysX\Common;C:\Program Files\dotnet\;C:\HaxeToolkit\haxe;C:\HaxeToolkit\neko;C:\Program Files\Git\cmd;C:\Program Files\NVIDIA Corporation\Nsight Compute 2020.1.1\;C:\Program Files\nodejs\;E:\mingw\mingw64\bin;D:\GeneratorFabricMod\bin;C:\Program Files\Java\jdk-17.0.1\bin;C:\Users\Administrator\AppData\Local\Programs\Python\Python310\Scripts\;C:\Users\Administrator\AppData\Local\Programs\Python\Python310\;C:\Users\Administrator\AppData\Local\Programs\Python\Launcher\;C:\Users\Administrator\AppData\Local\Microsoft\WindowsApps;C:\Users\Administrator\spicetify-cli;E:\cuda\bin;E:\cuda\include;E:\cuda\lib;C:\Program Files (x86)\Nmap;C:\Users\Administrator\AppData\Local\Programs\Microsoft VS Code\bin;C:\Users\Administrator\AppData\Local\GitHubDesktop\bin;C:\Users\Administrator\AppData\Roaming\npm;G:\gradle\bin;
USERNAME=Administrator
OS=Windows_NT
PROCESSOR_IDENTIFIER=AMD64 Family 23 Model 17 Stepping 0, AuthenticAMD



---------------  S Y S T E M  ---------------

OS: Windows 10.0 , 64 bit Build 19041 (10.0.19041.1021)

CPU:total 4 (initial active 4) (4 cores per cpu, 1 threads per core) family 23 model 17 stepping 0, cmov, cx8, fxsr, mmx, sse, sse2, sse3, ssse3, sse4.1, sse4.2, popcnt, avx, avx2, aes, clmul, mmxext, 3dnowpref, lzcnt, sse4a, tsc, tscinvbit, tscinv, bmi1

Memory: 4k page, physical 10415236k(1311412k free), swap 23120976k(6450712k free)

vm_info: OpenJDK 64-Bit Server VM (25.312-b07) for windows-amd64 JRE (1.8.0_312-b07), built on Oct 19 2021 15:47:56 by "jenkins" with MS VC++ 12.0 (VS2013)

time: Sat Nov 20 18:02:21 2021
timezone: Est
elapsed time: 12923.072674 seconds (0d 3h 35m 23s)

